This is pdfTeX, Version 3.141592653-2.6-1.40.26 (TeX Live 2024) (preloaded format=pdflatex 2024.11.18)  9 MAR 2025 17:16
entering extended mode
 restricted \write18 enabled.
 %&-line parsing enabled.
**537-Project---Updated.tex
(./537-Project---Updated.tex
LaTeX2e <2024-11-01>
L3 programming layer <2024-11-02>
(/Users/sarahgarcia/Library/TinyTeX/texmf-dist/tex/latex/base/article.cls
Document Class: article 2024/06/29 v1.4n Standard LaTeX document class
(/Users/sarahgarcia/Library/TinyTeX/texmf-dist/tex/latex/base/size10.clo
File: size10.clo 2024/06/29 v1.4n Standard LaTeX file (size option)
)
\c@part=\count196
\c@section=\count197
\c@subsection=\count198
\c@subsubsection=\count199
\c@paragraph=\count266
\c@subparagraph=\count267
\c@figure=\count268
\c@table=\count269
\abovecaptionskip=\skip49
\belowcaptionskip=\skip50
\bibindent=\dimen141
) (/Users/sarahgarcia/Library/TinyTeX/texmf-dist/tex/latex/amsmath/amsmath.sty
Package: amsmath 2024/11/05 v2.17t AMS math features
\@mathmargin=\skip51
For additional information on amsmath, use the `?' option.
(/Users/sarahgarcia/Library/TinyTeX/texmf-dist/tex/latex/amsmath/amstext.sty
Package: amstext 2021/08/26 v2.01 AMS text
(/Users/sarahgarcia/Library/TinyTeX/texmf-dist/tex/latex/amsmath/amsgen.sty
File: amsgen.sty 1999/11/30 v2.0 generic functions
\@emptytoks=\toks17
\ex@=\dimen142
)) (/Users/sarahgarcia/Library/TinyTeX/texmf-dist/tex/latex/amsmath/amsbsy.sty
Package: amsbsy 1999/11/29 v1.2d Bold Symbols
\pmbraise@=\dimen143
) (/Users/sarahgarcia/Library/TinyTeX/texmf-dist/tex/latex/amsmath/amsopn.sty
Package: amsopn 2022/04/08 v2.04 operator names
)
\inf@bad=\count270
LaTeX Info: Redefining \frac on input line 233.
\uproot@=\count271
\leftroot@=\count272
LaTeX Info: Redefining \overline on input line 398.
LaTeX Info: Redefining \colon on input line 409.
\classnum@=\count273
\DOTSCASE@=\count274
LaTeX Info: Redefining \ldots on input line 495.
LaTeX Info: Redefining \dots on input line 498.
LaTeX Info: Redefining \cdots on input line 619.
\Mathstrutbox@=\box52
\strutbox@=\box53
LaTeX Info: Redefining \big on input line 721.
LaTeX Info: Redefining \Big on input line 722.
LaTeX Info: Redefining \bigg on input line 723.
LaTeX Info: Redefining \Bigg on input line 724.
\big@size=\dimen144
LaTeX Font Info:    Redeclaring font encoding OML on input line 742.
LaTeX Font Info:    Redeclaring font encoding OMS on input line 743.
\macc@depth=\count275
LaTeX Info: Redefining \bmod on input line 904.
LaTeX Info: Redefining \pmod on input line 909.
LaTeX Info: Redefining \smash on input line 939.
LaTeX Info: Redefining \relbar on input line 969.
LaTeX Info: Redefining \Relbar on input line 970.
\c@MaxMatrixCols=\count276
\dotsspace@=\muskip17
\c@parentequation=\count277
\dspbrk@lvl=\count278
\tag@help=\toks18
\row@=\count279
\column@=\count280
\maxfields@=\count281
\andhelp@=\toks19
\eqnshift@=\dimen145
\alignsep@=\dimen146
\tagshift@=\dimen147
\tagwidth@=\dimen148
\totwidth@=\dimen149
\lineht@=\dimen150
\@envbody=\toks20
\multlinegap=\skip52
\multlinetaggap=\skip53
\mathdisplay@stack=\toks21
LaTeX Info: Redefining \[ on input line 2953.
LaTeX Info: Redefining \] on input line 2954.
) (/Users/sarahgarcia/Library/TinyTeX/texmf-dist/tex/latex/amsfonts/amssymb.sty
Package: amssymb 2013/01/14 v3.01 AMS font symbols
(/Users/sarahgarcia/Library/TinyTeX/texmf-dist/tex/latex/amsfonts/amsfonts.sty
Package: amsfonts 2013/01/14 v3.01 Basic AMSFonts support
\symAMSa=\mathgroup4
\symAMSb=\mathgroup5
LaTeX Font Info:    Redeclaring math symbol \hbar on input line 98.
LaTeX Font Info:    Overwriting math alphabet `\mathfrak' in version `bold'
(Font)                  U/euf/m/n --> U/euf/b/n on input line 106.
)) (/Users/sarahgarcia/Library/TinyTeX/texmf-dist/tex/generic/iftex/iftex.sty
Package: iftex 2022/02/03 v1.0f TeX engine tests
) (/Users/sarahgarcia/Library/TinyTeX/texmf-dist/tex/latex/base/fontenc.sty
Package: fontenc 2021/04/29 v2.0v Standard LaTeX package
) (/Users/sarahgarcia/Library/TinyTeX/texmf-dist/tex/latex/base/inputenc.sty
Package: inputenc 2024/02/08 v1.3d Input encoding file
\inpenc@prehook=\toks22
\inpenc@posthook=\toks23
) (/Users/sarahgarcia/Library/TinyTeX/texmf-dist/tex/latex/base/textcomp.sty
Package: textcomp 2024/04/24 v2.1b Standard LaTeX package
) (/Users/sarahgarcia/Library/TinyTeX/texmf-dist/tex/latex/lm/lmodern.sty
Package: lmodern 2015/05/01 v1.6.1 Latin Modern Fonts
LaTeX Font Info:    Overwriting symbol font `operators' in version `normal'
(Font)                  OT1/cmr/m/n --> OT1/lmr/m/n on input line 22.
LaTeX Font Info:    Overwriting symbol font `letters' in version `normal'
(Font)                  OML/cmm/m/it --> OML/lmm/m/it on input line 23.
LaTeX Font Info:    Overwriting symbol font `symbols' in version `normal'
(Font)                  OMS/cmsy/m/n --> OMS/lmsy/m/n on input line 24.
LaTeX Font Info:    Overwriting symbol font `largesymbols' in version `normal'
(Font)                  OMX/cmex/m/n --> OMX/lmex/m/n on input line 25.
LaTeX Font Info:    Overwriting symbol font `operators' in version `bold'
(Font)                  OT1/cmr/bx/n --> OT1/lmr/bx/n on input line 26.
LaTeX Font Info:    Overwriting symbol font `letters' in version `bold'
(Font)                  OML/cmm/b/it --> OML/lmm/b/it on input line 27.
LaTeX Font Info:    Overwriting symbol font `symbols' in version `bold'
(Font)                  OMS/cmsy/b/n --> OMS/lmsy/b/n on input line 28.
LaTeX Font Info:    Overwriting symbol font `largesymbols' in version `bold'
(Font)                  OMX/cmex/m/n --> OMX/lmex/m/n on input line 29.
LaTeX Font Info:    Overwriting math alphabet `\mathbf' in version `normal'
(Font)                  OT1/cmr/bx/n --> OT1/lmr/bx/n on input line 31.
LaTeX Font Info:    Overwriting math alphabet `\mathsf' in version `normal'
(Font)                  OT1/cmss/m/n --> OT1/lmss/m/n on input line 32.
LaTeX Font Info:    Overwriting math alphabet `\mathit' in version `normal'
(Font)                  OT1/cmr/m/it --> OT1/lmr/m/it on input line 33.
LaTeX Font Info:    Overwriting math alphabet `\mathtt' in version `normal'
(Font)                  OT1/cmtt/m/n --> OT1/lmtt/m/n on input line 34.
LaTeX Font Info:    Overwriting math alphabet `\mathbf' in version `bold'
(Font)                  OT1/cmr/bx/n --> OT1/lmr/bx/n on input line 35.
LaTeX Font Info:    Overwriting math alphabet `\mathsf' in version `bold'
(Font)                  OT1/cmss/bx/n --> OT1/lmss/bx/n on input line 36.
LaTeX Font Info:    Overwriting math alphabet `\mathit' in version `bold'
(Font)                  OT1/cmr/bx/it --> OT1/lmr/bx/it on input line 37.
LaTeX Font Info:    Overwriting math alphabet `\mathtt' in version `bold'
(Font)                  OT1/cmtt/m/n --> OT1/lmtt/m/n on input line 38.
) (/Users/sarahgarcia/Library/TinyTeX/texmf-dist/tex/latex/xcolor/xcolor.sty
Package: xcolor 2024/09/29 v3.02 LaTeX color extensions (UK)
(/Users/sarahgarcia/Library/TinyTeX/texmf-dist/tex/latex/graphics-cfg/color.cfg
File: color.cfg 2016/01/02 v1.6 sample color configuration
)
Package xcolor Info: Driver file: pdftex.def on input line 274.
(/Users/sarahgarcia/Library/TinyTeX/texmf-dist/tex/latex/graphics-def/pdftex.def
File: pdftex.def 2024/04/13 v1.2c Graphics/color driver for pdftex
) (/Users/sarahgarcia/Library/TinyTeX/texmf-dist/tex/latex/graphics/mathcolor.ltx)
Package xcolor Info: Model `cmy' substituted by `cmy0' on input line 1349.
Package xcolor Info: Model `hsb' substituted by `rgb' on input line 1353.
Package xcolor Info: Model `RGB' extended on input line 1365.
Package xcolor Info: Model `HTML' substituted by `rgb' on input line 1367.
Package xcolor Info: Model `Hsb' substituted by `hsb' on input line 1368.
Package xcolor Info: Model `tHsb' substituted by `hsb' on input line 1369.
Package xcolor Info: Model `HSB' substituted by `hsb' on input line 1370.
Package xcolor Info: Model `Gray' substituted by `gray' on input line 1371.
Package xcolor Info: Model `wave' substituted by `hsb' on input line 1372.
) (/Users/sarahgarcia/Library/TinyTeX/texmf-dist/tex/latex/geometry/geometry.sty
Package: geometry 2020/01/02 v5.9 Page Geometry
(/Users/sarahgarcia/Library/TinyTeX/texmf-dist/tex/latex/graphics/keyval.sty
Package: keyval 2022/05/29 v1.15 key=value parser (DPC)
\KV@toks@=\toks24
) (/Users/sarahgarcia/Library/TinyTeX/texmf-dist/tex/generic/iftex/ifvtex.sty
Package: ifvtex 2019/10/25 v1.7 ifvtex legacy package. Use iftex instead.
)
\Gm@cnth=\count282
\Gm@cntv=\count283
\c@Gm@tempcnt=\count284
\Gm@bindingoffset=\dimen151
\Gm@wd@mp=\dimen152
\Gm@odd@mp=\dimen153
\Gm@even@mp=\dimen154
\Gm@layoutwidth=\dimen155
\Gm@layoutheight=\dimen156
\Gm@layouthoffset=\dimen157
\Gm@layoutvoffset=\dimen158
\Gm@dimlist=\toks25
) (/Users/sarahgarcia/Library/TinyTeX/texmf-dist/tex/latex/fancyvrb/fancyvrb.sty
Package: fancyvrb 2024/01/20 4.5c verbatim text (tvz,hv)
\FV@CodeLineNo=\count285
\FV@InFile=\read2
\FV@TabBox=\box54
\c@FancyVerbLine=\count286
\FV@StepNumber=\count287
\FV@OutFile=\write3
) (/Users/sarahgarcia/Library/TinyTeX/texmf-dist/tex/latex/framed/framed.sty
Package: framed 2011/10/22 v 0.96: framed or shaded text with page breaks
\OuterFrameSep=\skip54
\fb@frw=\dimen159
\fb@frh=\dimen160
\FrameRule=\dimen161
\FrameSep=\dimen162
) (/Users/sarahgarcia/Library/TinyTeX/texmf-dist/tex/latex/tools/longtable.sty
Package: longtable 2024-10-27 v4.22 Multi-page Table package (DPC)
\LTleft=\skip55
\LTright=\skip56
\LTpre=\skip57
\LTpost=\skip58
\LTchunksize=\count288
\LTcapwidth=\dimen163
\LT@head=\box55
\LT@firsthead=\box56
\LT@foot=\box57
\LT@lastfoot=\box58
\LT@gbox=\box59
\LT@cols=\count289
\LT@rows=\count290
\c@LT@tables=\count291
\c@LT@chunks=\count292
\LT@p@ftn=\toks26
) (/Users/sarahgarcia/Library/TinyTeX/texmf-dist/tex/latex/booktabs/booktabs.sty
Package: booktabs 2020/01/12 v1.61803398 Publication quality tables
\heavyrulewidth=\dimen164
\lightrulewidth=\dimen165
\cmidrulewidth=\dimen166
\belowrulesep=\dimen167
\belowbottomsep=\dimen168
\aboverulesep=\dimen169
\abovetopsep=\dimen170
\cmidrulesep=\dimen171
\cmidrulekern=\dimen172
\defaultaddspace=\dimen173
\@cmidla=\count293
\@cmidlb=\count294
\@aboverulesep=\dimen174
\@belowrulesep=\dimen175
\@thisruleclass=\count295
\@lastruleclass=\count296
\@thisrulewidth=\dimen176
) (/Users/sarahgarcia/Library/TinyTeX/texmf-dist/tex/latex/tools/array.sty
Package: array 2024/10/17 v2.6g Tabular extension package (FMi)
\col@sep=\dimen177
\ar@mcellbox=\box60
\extrarowheight=\dimen178
\NC@list=\toks27
\extratabsurround=\skip59
\backup@length=\skip60
\ar@cellbox=\box61
) (/Users/sarahgarcia/Library/TinyTeX/texmf-dist/tex/latex/tools/calc.sty
Package: calc 2023/07/08 v4.3 Infix arithmetic (KKT,FJ)
\calc@Acount=\count297
\calc@Bcount=\count298
\calc@Adimen=\dimen179
\calc@Bdimen=\dimen180
\calc@Askip=\skip61
\calc@Bskip=\skip62
LaTeX Info: Redefining \setlength on input line 80.
LaTeX Info: Redefining \addtolength on input line 81.
\calc@Ccount=\count299
\calc@Cskip=\skip63
) (/Users/sarahgarcia/Library/TinyTeX/texmf-dist/tex/latex/etoolbox/etoolbox.sty
Package: etoolbox 2020/10/05 v2.5k e-TeX tools for LaTeX (JAW)
\etb@tempcnta=\count300
) (/Users/sarahgarcia/Library/TinyTeX/texmf-dist/tex/latex/mdwtools/footnote.sty
Package: footnote 1997/01/28 1.13 Save footnotes around boxes
\fn@notes=\box62
\fn@width=\dimen181
) (/Users/sarahgarcia/Library/TinyTeX/texmf-dist/tex/latex/graphics/graphicx.sty
Package: graphicx 2021/09/16 v1.2d Enhanced LaTeX Graphics (DPC,SPQR)
(/Users/sarahgarcia/Library/TinyTeX/texmf-dist/tex/latex/graphics/graphics.sty
Package: graphics 2024/08/06 v1.4g Standard LaTeX Graphics (DPC,SPQR)
(/Users/sarahgarcia/Library/TinyTeX/texmf-dist/tex/latex/graphics/trig.sty
Package: trig 2023/12/02 v1.11 sin cos tan (DPC)
) (/Users/sarahgarcia/Library/TinyTeX/texmf-dist/tex/latex/graphics-cfg/graphics.cfg
File: graphics.cfg 2016/06/04 v1.11 sample graphics configuration
)
Package graphics Info: Driver file: pdftex.def on input line 106.
)
\Gin@req@height=\dimen182
\Gin@req@width=\dimen183
) (/Users/sarahgarcia/Library/TinyTeX/texmf-dist/tex/latex/multirow/multirow.sty
Package: multirow 2024/11/12 v2.9 Span multiple rows of a table
\multirow@colwidth=\skip64
\multirow@cntb=\count301
\multirow@dima=\skip65
\bigstrutjot=\dimen184
) (/Users/sarahgarcia/Library/TinyTeX/texmf-dist/tex/latex/wrapfig/wrapfig.sty
\wrapoverhang=\dimen185
\WF@size=\dimen186
\c@WF@wrappedlines=\count302
\WF@box=\box63
\WF@everypar=\toks28
Package: wrapfig 2003/01/31  v 3.6
) (/Users/sarahgarcia/Library/TinyTeX/texmf-dist/tex/latex/float/float.sty
Package: float 2001/11/08 v1.3d Float enhancements (AL)
\c@float@type=\count303
\float@exts=\toks29
\float@box=\box64
\@float@everytoks=\toks30
\@floatcapt=\box65
) (/Users/sarahgarcia/Library/TinyTeX/texmf-dist/tex/latex/colortbl/colortbl.sty
Package: colortbl 2024/07/06 v1.0i Color table columns (DPC)
\everycr=\toks31
\minrowclearance=\skip66
\rownum=\count304
) (/Users/sarahgarcia/Library/TinyTeX/texmf-dist/tex/latex/pdflscape/pdflscape.sty
Package: pdflscape 2022-10-27 v0.13 Display of landscape pages in PDF
(/Users/sarahgarcia/Library/TinyTeX/texmf-dist/tex/latex/pdflscape/pdflscape-nometadata.sty
Package: pdflscape-nometadata 2022-10-28 v0.13 Display of landscape pages in PDF (HO)
(/Users/sarahgarcia/Library/TinyTeX/texmf-dist/tex/latex/graphics/lscape.sty
Package: lscape 2020/05/28 v3.02 Landscape Pages (DPC)
)
Package pdflscape Info: Auto-detected driver: pdftex on input line 81.
)) (/Users/sarahgarcia/Library/TinyTeX/texmf-dist/tex/latex/tabu/tabu.sty
Package: tabu 2019/01/11 v2.9 - flexible LaTeX tabulars (FC+tabu-fixed)
(/Users/sarahgarcia/Library/TinyTeX/texmf-dist/tex/latex/varwidth/varwidth.sty
Package: varwidth 2009/03/30 ver 0.92;  Variable-width minipages
\@vwid@box=\box66
\sift@deathcycles=\count305
\@vwid@loff=\dimen187
\@vwid@roff=\dimen188
)
\c@taburow=\count306
\tabu@nbcols=\count307
\tabu@cnt=\count308
\tabu@Xcol=\count309
\tabu@alloc=\count310
\tabu@nested=\count311
\tabu@target=\dimen189
\tabu@spreadtarget=\dimen190
\tabu@naturalX=\dimen191
\tabucolX=\dimen192
\tabu@Xsum=\dimen193
\extrarowdepth=\dimen194
\abovetabulinesep=\dimen195
\belowtabulinesep=\dimen196
\tabustrutrule=\dimen197
\tabu@thebody=\toks32
\tabu@footnotes=\toks33
\tabu@box=\box67
\tabu@arstrutbox=\box68
\tabu@hleads=\box69
\tabu@vleads=\box70
\tabu@cellskip=\skip67
) (/Users/sarahgarcia/Library/TinyTeX/texmf-dist/tex/latex/threeparttable/threeparttable.sty
Package: threeparttable 2003/06/13  v 3.0
\@tempboxb=\box71
) (/Users/sarahgarcia/Library/TinyTeX/texmf-dist/tex/latex/threeparttablex/threeparttablex.sty
Package: threeparttablex 2013/07/23 v0.3 by daleif
(/Users/sarahgarcia/Library/TinyTeX/texmf-dist/tex/latex/environ/environ.sty
Package: environ 2014/05/04 v0.3 A new way to define environments
(/Users/sarahgarcia/Library/TinyTeX/texmf-dist/tex/latex/trimspaces/trimspaces.sty
Package: trimspaces 2009/09/17 v1.1 Trim spaces around a token list
))
\TPTL@width=\skip68
) (/Users/sarahgarcia/Library/TinyTeX/texmf-dist/tex/generic/ulem/ulem.sty
\UL@box=\box72
\UL@hyphenbox=\box73
\UL@skip=\skip69
\UL@hook=\toks34
\UL@height=\dimen198
\UL@pe=\count312
\UL@pixel=\dimen199
\ULC@box=\box74
Package: ulem 2019/11/18
\ULdepth=\dimen256
) (/Users/sarahgarcia/Library/TinyTeX/texmf-dist/tex/latex/makecell/makecell.sty
Package: makecell 2009/08/03 V0.1e Managing of Tab Column Heads and Cells
\rotheadsize=\dimen257
\c@nlinenum=\count313
\TeXr@lab=\toks35
) (/Users/sarahgarcia/Library/TinyTeX/texmf-dist/tex/latex/bookmark/bookmark.sty
Package: bookmark 2023-12-10 v1.31 PDF bookmarks (HO)
(/Users/sarahgarcia/Library/TinyTeX/texmf-dist/tex/latex/hyperref/hyperref.sty
Package: hyperref 2024-11-05 v7.01l Hypertext links for LaTeX
(/Users/sarahgarcia/Library/TinyTeX/texmf-dist/tex/latex/kvsetkeys/kvsetkeys.sty
Package: kvsetkeys 2022-10-05 v1.19 Key value parser (HO)
) (/Users/sarahgarcia/Library/TinyTeX/texmf-dist/tex/generic/kvdefinekeys/kvdefinekeys.sty
Package: kvdefinekeys 2019-12-19 v1.6 Define keys (HO)
) (/Users/sarahgarcia/Library/TinyTeX/texmf-dist/tex/generic/pdfescape/pdfescape.sty
Package: pdfescape 2019/12/09 v1.15 Implements pdfTeX's escape features (HO)
(/Users/sarahgarcia/Library/TinyTeX/texmf-dist/tex/generic/ltxcmds/ltxcmds.sty
Package: ltxcmds 2023-12-04 v1.26 LaTeX kernel commands for general use (HO)
) (/Users/sarahgarcia/Library/TinyTeX/texmf-dist/tex/generic/pdftexcmds/pdftexcmds.sty
Package: pdftexcmds 2020-06-27 v0.33 Utility functions of pdfTeX for LuaTeX (HO)
(/Users/sarahgarcia/Library/TinyTeX/texmf-dist/tex/generic/infwarerr/infwarerr.sty
Package: infwarerr 2019/12/03 v1.5 Providing info/warning/error messages (HO)
)
Package pdftexcmds Info: \pdf@primitive is available.
Package pdftexcmds Info: \pdf@ifprimitive is available.
Package pdftexcmds Info: \pdfdraftmode found.
)) (/Users/sarahgarcia/Library/TinyTeX/texmf-dist/tex/latex/hycolor/hycolor.sty
Package: hycolor 2020-01-27 v1.10 Color options for hyperref/bookmark (HO)
) (/Users/sarahgarcia/Library/TinyTeX/texmf-dist/tex/latex/hyperref/nameref.sty
Package: nameref 2023-11-26 v2.56 Cross-referencing by name of section
(/Users/sarahgarcia/Library/TinyTeX/texmf-dist/tex/latex/refcount/refcount.sty
Package: refcount 2019/12/15 v3.6 Data extraction from label references (HO)
) (/Users/sarahgarcia/Library/TinyTeX/texmf-dist/tex/generic/gettitlestring/gettitlestring.sty
Package: gettitlestring 2019/12/15 v1.6 Cleanup title references (HO)
(/Users/sarahgarcia/Library/TinyTeX/texmf-dist/tex/latex/kvoptions/kvoptions.sty
Package: kvoptions 2022-06-15 v3.15 Key value format for package options (HO)
))
\c@section@level=\count314
) (/Users/sarahgarcia/Library/TinyTeX/texmf-dist/tex/generic/stringenc/stringenc.sty
Package: stringenc 2019/11/29 v1.12 Convert strings between diff. encodings (HO)
)
\@linkdim=\dimen258
\Hy@linkcounter=\count315
\Hy@pagecounter=\count316
(/Users/sarahgarcia/Library/TinyTeX/texmf-dist/tex/latex/hyperref/pd1enc.def
File: pd1enc.def 2024-11-05 v7.01l Hyperref: PDFDocEncoding definition (HO)
Now handling font encoding PD1 ...
... no UTF-8 mapping file for font encoding PD1
) (/Users/sarahgarcia/Library/TinyTeX/texmf-dist/tex/generic/intcalc/intcalc.sty
Package: intcalc 2019/12/15 v1.3 Expandable calculations with integers (HO)
)
\Hy@SavedSpaceFactor=\count317
(/Users/sarahgarcia/Library/TinyTeX/texmf-dist/tex/latex/hyperref/puenc.def
File: puenc.def 2024-11-05 v7.01l Hyperref: PDF Unicode definition (HO)
Now handling font encoding PU ...
... no UTF-8 mapping file for font encoding PU
)
Package hyperref Info: Option `unicode' set `true' on input line 4040.
Package hyperref Info: Hyper figures OFF on input line 4157.
Package hyperref Info: Link nesting OFF on input line 4162.
Package hyperref Info: Hyper index ON on input line 4165.
Package hyperref Info: Plain pages OFF on input line 4172.
Package hyperref Info: Backreferencing OFF on input line 4177.
Package hyperref Info: Implicit mode ON; LaTeX internals redefined.
Package hyperref Info: Bookmarks ON on input line 4424.
\c@Hy@tempcnt=\count318
(/Users/sarahgarcia/Library/TinyTeX/texmf-dist/tex/latex/url/url.sty
\Urlmuskip=\muskip18
Package: url 2013/09/16  ver 3.4  Verb mode for urls, etc.
)
LaTeX Info: Redefining \url on input line 4763.
\XeTeXLinkMargin=\dimen259
(/Users/sarahgarcia/Library/TinyTeX/texmf-dist/tex/generic/bitset/bitset.sty
Package: bitset 2019/12/09 v1.3 Handle bit-vector datatype (HO)
(/Users/sarahgarcia/Library/TinyTeX/texmf-dist/tex/generic/bigintcalc/bigintcalc.sty
Package: bigintcalc 2019/12/15 v1.5 Expandable calculations on big integers (HO)
))
\Fld@menulength=\count319
\Field@Width=\dimen260
\Fld@charsize=\dimen261
Package hyperref Info: Hyper figures OFF on input line 6042.
Package hyperref Info: Link nesting OFF on input line 6047.
Package hyperref Info: Hyper index ON on input line 6050.
Package hyperref Info: backreferencing OFF on input line 6057.
Package hyperref Info: Link coloring OFF on input line 6062.
Package hyperref Info: Link coloring with OCG OFF on input line 6067.
Package hyperref Info: PDF/A mode OFF on input line 6072.
(/Users/sarahgarcia/Library/TinyTeX/texmf-dist/tex/latex/base/atbegshi-ltx.sty
Package: atbegshi-ltx 2021/01/10 v1.0c Emulation of the original atbegshi
package with kernel methods
)
\Hy@abspage=\count320
\c@Item=\count321
\c@Hfootnote=\count322
)
Package hyperref Info: Driver (autodetected): hpdftex.
(/Users/sarahgarcia/Library/TinyTeX/texmf-dist/tex/latex/hyperref/hpdftex.def
File: hpdftex.def 2024-11-05 v7.01l Hyperref driver for pdfTeX
(/Users/sarahgarcia/Library/TinyTeX/texmf-dist/tex/latex/base/atveryend-ltx.sty
Package: atveryend-ltx 2020/08/19 v1.0a Emulation of the original atveryend package
with kernel methods
)
\Fld@listcount=\count323
\c@bookmark@seq@number=\count324
(/Users/sarahgarcia/Library/TinyTeX/texmf-dist/tex/latex/rerunfilecheck/rerunfilecheck.sty
Package: rerunfilecheck 2022-07-10 v1.10 Rerun checks for auxiliary files (HO)
(/Users/sarahgarcia/Library/TinyTeX/texmf-dist/tex/generic/uniquecounter/uniquecounter.sty
Package: uniquecounter 2019/12/15 v1.4 Provide unlimited unique counter (HO)
)
Package uniquecounter Info: New unique counter `rerunfilecheck' on input line 285.
)
\Hy@SectionHShift=\skip70
) (/Users/sarahgarcia/Library/TinyTeX/texmf-dist/tex/latex/bookmark/bkm-pdftex.def
File: bkm-pdftex.def 2023-12-10 v1.31 bookmark driver for pdfTeX and luaTeX (HO)
\BKM@id=\count325
))
LaTeX Font Info:    Trying to load font information for T1+lmr on input line 137.
(/Users/sarahgarcia/Library/TinyTeX/texmf-dist/tex/latex/lm/t1lmr.fd
File: t1lmr.fd 2015/05/01 v1.6.1 Font defs for Latin Modern
) (/Users/sarahgarcia/Library/TinyTeX/texmf-dist/tex/latex/l3backend/l3backend-pdftex.def
File: l3backend-pdftex.def 2024-05-08 L3 backend support: PDF output (pdfTeX)
\l__color_backend_stack_int=\count326
\l__pdf_internal_box=\box75
) (./537-Project---Updated.aux

LaTeX Warning: Label `tab:unnamed-chunk-2' multiply defined.

)
\openout1 = `537-Project---Updated.aux'.

LaTeX Font Info:    Checking defaults for OML/cmm/m/it on input line 137.
LaTeX Font Info:    ... okay on input line 137.
LaTeX Font Info:    Checking defaults for OMS/cmsy/m/n on input line 137.
LaTeX Font Info:    ... okay on input line 137.
LaTeX Font Info:    Checking defaults for OT1/cmr/m/n on input line 137.
LaTeX Font Info:    ... okay on input line 137.
LaTeX Font Info:    Checking defaults for T1/cmr/m/n on input line 137.
LaTeX Font Info:    ... okay on input line 137.
LaTeX Font Info:    Checking defaults for TS1/cmr/m/n on input line 137.
LaTeX Font Info:    ... okay on input line 137.
LaTeX Font Info:    Checking defaults for OMX/cmex/m/n on input line 137.
LaTeX Font Info:    ... okay on input line 137.
LaTeX Font Info:    Checking defaults for U/cmr/m/n on input line 137.
LaTeX Font Info:    ... okay on input line 137.
LaTeX Font Info:    Checking defaults for PD1/pdf/m/n on input line 137.
LaTeX Font Info:    ... okay on input line 137.
LaTeX Font Info:    Checking defaults for PU/pdf/m/n on input line 137.
LaTeX Font Info:    ... okay on input line 137.
(/Users/sarahgarcia/Library/TinyTeX/texmf-dist/tex/latex/epstopdf-pkg/epstopdf-base.sty
Package: epstopdf-base 2020-01-24 v2.11 Base part for package epstopdf
Package epstopdf-base Info: Redefining graphics rule for `.eps' on input line 485.
(/Users/sarahgarcia/Library/TinyTeX/texmf-dist/tex/latex/latexconfig/epstopdf-sys.cfg
File: epstopdf-sys.cfg 2010/07/13 v1.3 Configuration of (r)epstopdf for TeX Live
))
*geometry* driver: auto-detecting
*geometry* detected driver: pdftex
*geometry* verbose mode - [ preamble ] result:
* driver: pdftex
* paper: <default>
* layout: <same size as paper>
* layoutoffset:(h,v)=(0.0pt,0.0pt)
* modes: 
* h-part:(L,W,R)=(72.26999pt, 469.75502pt, 72.26999pt)
* v-part:(T,H,B)=(72.26999pt, 650.43001pt, 72.26999pt)
* \paperwidth=614.295pt
* \paperheight=794.96999pt
* \textwidth=469.75502pt
* \textheight=650.43001pt
* \oddsidemargin=0.0pt
* \evensidemargin=0.0pt
* \topmargin=-37.0pt
* \headheight=12.0pt
* \headsep=25.0pt
* \topskip=10.0pt
* \footskip=30.0pt
* \marginparwidth=65.0pt
* \marginparsep=11.0pt
* \columnsep=10.0pt
* \skip\footins=9.0pt plus 4.0pt minus 2.0pt
* \hoffset=0.0pt
* \voffset=0.0pt
* \mag=1000
* \@twocolumnfalse
* \@twosidefalse
* \@mparswitchfalse
* \@reversemarginfalse
* (1in=72.27pt=25.4mm, 1cm=28.453pt)

Package hyperref Info: Link coloring OFF on input line 137.
LaTeX Font Info:    Trying to load font information for OT1+lmr on input line 139.
(/Users/sarahgarcia/Library/TinyTeX/texmf-dist/tex/latex/lm/ot1lmr.fd
File: ot1lmr.fd 2015/05/01 v1.6.1 Font defs for Latin Modern
)
LaTeX Font Info:    Trying to load font information for OML+lmm on input line 139.
(/Users/sarahgarcia/Library/TinyTeX/texmf-dist/tex/latex/lm/omllmm.fd
File: omllmm.fd 2015/05/01 v1.6.1 Font defs for Latin Modern
)
LaTeX Font Info:    Trying to load font information for OMS+lmsy on input line 139.
(/Users/sarahgarcia/Library/TinyTeX/texmf-dist/tex/latex/lm/omslmsy.fd
File: omslmsy.fd 2015/05/01 v1.6.1 Font defs for Latin Modern
)
LaTeX Font Info:    Trying to load font information for OMX+lmex on input line 139.
(/Users/sarahgarcia/Library/TinyTeX/texmf-dist/tex/latex/lm/omxlmex.fd
File: omxlmex.fd 2015/05/01 v1.6.1 Font defs for Latin Modern
)
LaTeX Font Info:    External font `lmex10' loaded for size
(Font)              <12> on input line 139.
LaTeX Font Info:    External font `lmex10' loaded for size
(Font)              <8> on input line 139.
LaTeX Font Info:    External font `lmex10' loaded for size
(Font)              <6> on input line 139.
LaTeX Font Info:    Trying to load font information for U+msa on input line 139.
(/Users/sarahgarcia/Library/TinyTeX/texmf-dist/tex/latex/amsfonts/umsa.fd
File: umsa.fd 2013/01/14 v3.01 AMS symbols A
)
LaTeX Font Info:    Trying to load font information for U+msb on input line 139.
(/Users/sarahgarcia/Library/TinyTeX/texmf-dist/tex/latex/amsfonts/umsb.fd
File: umsb.fd 2013/01/14 v3.01 AMS symbols B
)
LaTeX Font Info:    Trying to load font information for T1+lmtt on input line 146.
(/Users/sarahgarcia/Library/TinyTeX/texmf-dist/tex/latex/lm/t1lmtt.fd
File: t1lmtt.fd 2015/05/01 v1.6.1 Font defs for Latin Modern
)
LaTeX Font Info:    Font shape `T1/lmtt/bx/n' in size <10> not available
(Font)              Font shape `T1/lmtt/b/n' tried instead on input line 147.


[1

{/Users/sarahgarcia/Library/TinyTeX/texmf-var/fonts/map/pdftex/updmap/pdftex.map}{/Users/sarahgarcia/Library/TinyTeX/texmf-dist/fonts/enc/dvips/lm/lm-ec.enc}]
<537-Project---Updated_files/figure-latex/unnamed-chunk-1-1.pdf, id=16, 469.755pt x 325.215pt>
File: 537-Project---Updated_files/figure-latex/unnamed-chunk-1-1.pdf Graphic file (type pdf)
<use 537-Project---Updated_files/figure-latex/unnamed-chunk-1-1.pdf>
Package pdftex.def Info: 537-Project---Updated_files/figure-latex/unnamed-chunk-1-1.pdf  used on input line 251.
(pdftex.def)             Requested size: 469.75386pt x 325.2142pt.


[2]

[3 <./537-Project---Updated_files/figure-latex/unnamed-chunk-1-1.pdf>]

[4]
Overfull \hbox (24.7595pt too wide) in paragraph at lines 411--412
[]\T1/lmr/m/n/10 disgroup  
 []


Overfull \hbox (2.87369pt too wide) in paragraph at lines 413--414
 []\T1/lmr/m/n/10 n
 []


Overfull \hbox (37.22835pt too wide) in paragraph at lines 415--416
 []\T1/lmr/m/n/10 age_mean
 []


Overfull \hbox (22.49895pt too wide) in paragraph at lines 417--418
 []\T1/lmr/m/n/10 age_sd
 []


Overfull \hbox (43.77249pt too wide) in paragraph at lines 419--420
 []\T1/lmr/m/n/10 age_median
 []


Overfull \hbox (57.75926pt too wide) in paragraph at lines 421--422
 []\T1/lmr/m/n/10 donorage_mean
 []


Overfull \hbox (45.73749pt too wide) in paragraph at lines 423--424
 []\T1/lmr/m/n/10 donorage_sd
 []


Overfull \hbox (64.30339pt too wide) in paragraph at lines 425--426
 []\T1/lmr/m/n/10 donorage_median
 []


Overfull \hbox (56.34233pt too wide) in paragraph at lines 427--428
 []\T1/lmr/m/n/10 waittime_mean
 []


Overfull \hbox (44.32056pt too wide) in paragraph at lines 429--430
 []\T1/lmr/m/n/10 waittime_sd
 []


Overfull \hbox (62.88646pt too wide) in paragraph at lines 431--432
 []\T1/lmr/m/n/10 waittime_median
 []


Overfull \hbox (48.67807pt too wide) in paragraph at lines 433--434
 []\T1/lmr/m/n/10 percent_male
 []


Overfull \hbox (46.79321pt too wide) in paragraph at lines 435--436
 []\T1/lmr/m/n/10 percent_cmv
 []


Overfull \hbox (69.20897pt too wide) in paragraph at lines 437--438
 []\T1/lmr/m/n/10 percent_donormale
 []


Overfull \hbox (67.32413pt too wide) in paragraph at lines 439--440
 []\T1/lmr/m/n/10 percent_donorcmv
 []


Overfull \hbox (46.23772pt too wide) in paragraph at lines 441--442
 []\T1/lmr/m/n/10 percent_mtx
 []


Overfull \hbox (49.23405pt too wide) in paragraph at lines 443--444
 []\T1/lmr/m/n/10 percent_Ohio
 []


Overfull \hbox (70.32076pt too wide) in paragraph at lines 445--446
 []\T1/lmr/m/n/10 percent_Melbourne
 []


Overfull \hbox (57.97484pt too wide) in paragraph at lines 447--448
 []\T1/lmr/m/n/10 percent_Sydney
 []


Overfull \hbox (75.52356pt too wide) in paragraph at lines 449--450
 []\T1/lmr/m/n/10 percent_Philadelphia
 []


Overfull \hbox (24.7595pt too wide) in paragraph at lines 455--456
[]\T1/lmr/m/n/10 disgroup  
 []


Overfull \hbox (2.87369pt too wide) in paragraph at lines 457--458
 []\T1/lmr/m/n/10 n
 []


Overfull \hbox (37.22835pt too wide) in paragraph at lines 459--460
 []\T1/lmr/m/n/10 age_mean
 []


Overfull \hbox (22.49895pt too wide) in paragraph at lines 461--462
 []\T1/lmr/m/n/10 age_sd
 []


Overfull \hbox (43.77249pt too wide) in paragraph at lines 463--464
 []\T1/lmr/m/n/10 age_median
 []


Overfull \hbox (57.75926pt too wide) in paragraph at lines 465--466
 []\T1/lmr/m/n/10 donorage_mean
 []


Overfull \hbox (45.73749pt too wide) in paragraph at lines 467--468
 []\T1/lmr/m/n/10 donorage_sd
 []


Overfull \hbox (64.30339pt too wide) in paragraph at lines 469--470
 []\T1/lmr/m/n/10 donorage_median
 []


Overfull \hbox (56.34233pt too wide) in paragraph at lines 471--472
 []\T1/lmr/m/n/10 waittime_mean
 []


Overfull \hbox (44.32056pt too wide) in paragraph at lines 473--474
 []\T1/lmr/m/n/10 waittime_sd
 []


Overfull \hbox (62.88646pt too wide) in paragraph at lines 475--476
 []\T1/lmr/m/n/10 waittime_median
 []


Overfull \hbox (48.67807pt too wide) in paragraph at lines 477--478
 []\T1/lmr/m/n/10 percent_male
 []


Overfull \hbox (46.79321pt too wide) in paragraph at lines 479--480
 []\T1/lmr/m/n/10 percent_cmv
 []


Overfull \hbox (69.20897pt too wide) in paragraph at lines 481--482
 []\T1/lmr/m/n/10 percent_donormale
 []


Overfull \hbox (67.32413pt too wide) in paragraph at lines 483--484
 []\T1/lmr/m/n/10 percent_donorcmv
 []


Overfull \hbox (46.23772pt too wide) in paragraph at lines 485--486
 []\T1/lmr/m/n/10 percent_mtx
 []


Overfull \hbox (49.23405pt too wide) in paragraph at lines 487--488
 []\T1/lmr/m/n/10 percent_Ohio
 []


Overfull \hbox (70.32076pt too wide) in paragraph at lines 489--490
 []\T1/lmr/m/n/10 percent_Melbourne
 []


Overfull \hbox (57.97484pt too wide) in paragraph at lines 491--492
 []\T1/lmr/m/n/10 percent_Sydney
 []


Overfull \hbox (75.52356pt too wide) in paragraph at lines 493--494
 []\T1/lmr/m/n/10 percent_Philadelphia
 []


Overfull \hbox (7.4541pt too wide) in paragraph at lines 499--499
[]|\T1/lmr/m/n/10 ALL|  
 []


Overfull \hbox (7.31819pt too wide) in paragraph at lines 499--499
 []|\T1/lmr/m/n/10 38|
 []


Overfull \hbox (29.7286pt too wide) in paragraph at lines 499--499
 []|\T1/lmr/m/n/10 24.42105|
 []


Overfull \hbox (28.83221pt too wide) in paragraph at lines 499--499
 []|\T1/lmr/m/n/10 7.295432|
 []


Overfull \hbox (7.9395pt too wide) in paragraph at lines 499--499
 []|\T1/lmr/m/n/10 22.5|
 []


Overfull \hbox (25.23186pt too wide) in paragraph at lines 499--499
 []|\T1/lmr/m/n/10 26.78947|
 []


Overfull \hbox (27.04309pt too wide) in paragraph at lines 499--499
 []|\T1/lmr/m/n/10 8.932655|
 []


Overfull \hbox (3.44273pt too wide) in paragraph at lines 499--499
 []|\T1/lmr/m/n/10 26.0|
 []


Overfull \hbox (25.23186pt too wide) in paragraph at lines 500--500
 []|\T1/lmr/m/n/10 477.1842|
 []


Overfull \hbox (32.04309pt too wide) in paragraph at lines 500--500
 []|\T1/lmr/m/n/10 598.85625|
 []


Overfull \hbox (8.44273pt too wide) in paragraph at lines 500--500
 []|\T1/lmr/m/n/10 199.5|
 []


Overfull \hbox (26.15039pt too wide) in paragraph at lines 500--500
 []|\T1/lmr/m/n/10 68.42105|
 []


Overfull \hbox (27.04309pt too wide) in paragraph at lines 500--500
 []|\T1/lmr/m/n/10 39.47368|
 []


Overfull \hbox (21.65363pt too wide) in paragraph at lines 500--500
 []|\T1/lmr/m/n/10 68.42105|
 []


Overfull \hbox (22.54634pt too wide) in paragraph at lines 500--501
 []|\T1/lmr/m/n/10 44.73684|
 []


Overfull \hbox (27.04309pt too wide) in paragraph at lines 501--501
 []|\T1/lmr/m/n/10 44.73684|
 []


Overfull \hbox (26.15039pt too wide) in paragraph at lines 501--501
 []|\T1/lmr/m/n/10 55.26316|
 []


Overfull \hbox (26.65363pt too wide) in paragraph at lines 501--501
 []|\T1/lmr/m/n/10 21.052632|
 []


Overfull \hbox (24.33545pt too wide) in paragraph at lines 501--501
 []|\T1/lmr/m/n/10 23.68421|
 []


Overfull \hbox (13.96812pt too wide) in paragraph at lines 501--502
 []|\T1/lmr/m/n/10 0.00000|
 []


Overfull \hbox (5.64832pt too wide) in paragraph at lines 502--502
[]|\T1/lmr/m/n/10 Low 
 []


Overfull \hbox (3.371pt too wide) in paragraph at lines 502--502
\T1/lmr/m/n/10 risk 
 []


Overfull \hbox (10.3711pt too wide) in paragraph at lines 502--502
\T1/lmr/m/n/10 AML|  
 []


Overfull \hbox (7.31819pt too wide) in paragraph at lines 502--502
 []|\T1/lmr/m/n/10 54|
 []


Overfull \hbox (29.7286pt too wide) in paragraph at lines 502--502
 []|\T1/lmr/m/n/10 29.40741|
 []


Overfull \hbox (28.83221pt too wide) in paragraph at lines 502--502
 []|\T1/lmr/m/n/10 8.764247|
 []


Overfull \hbox (7.9395pt too wide) in paragraph at lines 502--502
 []|\T1/lmr/m/n/10 29.5|
 []


Overfull \hbox (25.23186pt too wide) in paragraph at lines 502--502
 []|\T1/lmr/m/n/10 28.07407|
 []


Overfull \hbox (27.04309pt too wide) in paragraph at lines 502--502
 []|\T1/lmr/m/n/10 9.244788|
 []


Overfull \hbox (3.44273pt too wide) in paragraph at lines 503--503
 []|\T1/lmr/m/n/10 29.5|
 []


Overfull \hbox (25.23186pt too wide) in paragraph at lines 503--503
 []|\T1/lmr/m/n/10 138.0556|
 []


Overfull \hbox (27.04309pt too wide) in paragraph at lines 503--503
 []|\T1/lmr/m/n/10 74.48196|
 []


Overfull \hbox (8.44273pt too wide) in paragraph at lines 503--503
 []|\T1/lmr/m/n/10 120.0|
 []


Overfull \hbox (26.15039pt too wide) in paragraph at lines 503--503
 []|\T1/lmr/m/n/10 55.55556|
 []


Overfull \hbox (27.04309pt too wide) in paragraph at lines 503--503
 []|\T1/lmr/m/n/10 48.14815|
 []


Overfull \hbox (21.65363pt too wide) in paragraph at lines 503--503
 []|\T1/lmr/m/n/10 62.96296|
 []


Overfull \hbox (22.54634pt too wide) in paragraph at lines 504--504
 []|\T1/lmr/m/n/10 40.74074|
 []


Overfull \hbox (27.04309pt too wide) in paragraph at lines 504--504
 []|\T1/lmr/m/n/10 22.22222|
 []


Overfull \hbox (26.15039pt too wide) in paragraph at lines 504--504
 []|\T1/lmr/m/n/10 50.00000|
 []


Overfull \hbox (21.65363pt too wide) in paragraph at lines 504--504
 []|\T1/lmr/m/n/10 9.259259|
 []


Overfull \hbox (24.33545pt too wide) in paragraph at lines 504--504
 []|\T1/lmr/m/n/10 12.96296|
 []


Overfull \hbox (18.96812pt too wide) in paragraph at lines 504--505
 []|\T1/lmr/m/n/10 27.77778|
 []


Overfull \hbox (8.28735pt too wide) in paragraph at lines 505--505
[]|\T1/lmr/m/n/10 High 
 []


Overfull \hbox (3.371pt too wide) in paragraph at lines 505--505
\T1/lmr/m/n/10 risk 
 []


Overfull \hbox (10.3711pt too wide) in paragraph at lines 505--505
\T1/lmr/m/n/10 AML|  
 []


Overfull \hbox (7.31819pt too wide) in paragraph at lines 505--505
 []|\T1/lmr/m/n/10 45|
 []


Overfull \hbox (29.7286pt too wide) in paragraph at lines 505--505
 []|\T1/lmr/m/n/10 30.44444|
 []


Overfull \hbox (33.83221pt too wide) in paragraph at lines 505--505
 []|\T1/lmr/m/n/10 11.220022|
 []


Overfull \hbox (7.9395pt too wide) in paragraph at lines 505--505
 []|\T1/lmr/m/n/10 32.0|
 []


Overfull \hbox (25.23186pt too wide) in paragraph at lines 505--505
 []|\T1/lmr/m/n/10 29.93333|
 []


Overfull \hbox (32.04309pt too wide) in paragraph at lines 505--506
 []|\T1/lmr/m/n/10 12.057438|
 []


Overfull \hbox (3.44273pt too wide) in paragraph at lines 506--506
 []|\T1/lmr/m/n/10 29.0|
 []


Overfull \hbox (25.23186pt too wide) in paragraph at lines 506--506
 []|\T1/lmr/m/n/10 268.8667|
 []


Overfull \hbox (32.04309pt too wide) in paragraph at lines 506--506
 []|\T1/lmr/m/n/10 210.70138|
 []


Overfull \hbox (8.44273pt too wide) in paragraph at lines 506--506
 []|\T1/lmr/m/n/10 210.0|
 []


Overfull \hbox (26.15039pt too wide) in paragraph at lines 506--506
 []|\T1/lmr/m/n/10 53.33333|
 []


Overfull \hbox (27.04309pt too wide) in paragraph at lines 506--506
 []|\T1/lmr/m/n/10 60.00000|
 []


Overfull \hbox (21.65363pt too wide) in paragraph at lines 506--506
 []|\T1/lmr/m/n/10 62.22222|
 []


Overfull \hbox (22.54634pt too wide) in paragraph at lines 507--507
 []|\T1/lmr/m/n/10 42.22222|
 []


Overfull \hbox (27.04309pt too wide) in paragraph at lines 507--507
 []|\T1/lmr/m/n/10 24.44444|
 []


Overfull \hbox (26.15039pt too wide) in paragraph at lines 507--507
 []|\T1/lmr/m/n/10 62.22222|
 []


Overfull \hbox (21.65363pt too wide) in paragraph at lines 507--507
 []|\T1/lmr/m/n/10 8.888889|
 []


Overfull \hbox (24.33545pt too wide) in paragraph at lines 507--507
 []|\T1/lmr/m/n/10 15.55556|
 []


Overfull \hbox (18.96812pt too wide) in paragraph at lines 507--508
 []|\T1/lmr/m/n/10 13.33333|
 []



[5]

[6]
Overfull \hbox (2.94377pt too wide) in paragraph at lines 658--659
 []\T1/lmr/m/n/10 n
 []


Overfull \hbox (37.446pt too wide) in paragraph at lines 660--661
 []\T1/lmr/m/n/10 age_mean
 []


Overfull \hbox (23.61299pt too wide) in paragraph at lines 662--663
 []\T1/lmr/m/n/10 age_sd
 []


Overfull \hbox (44.03809pt too wide) in paragraph at lines 664--665
 []\T1/lmr/m/n/10 age_median
 []


Overfull \hbox (58.12077pt too wide) in paragraph at lines 666--667
 []\T1/lmr/m/n/10 donorage_mean
 []


Overfull \hbox (46.02892pt too wide) in paragraph at lines 668--669
 []\T1/lmr/m/n/10 donorage_sd
 []


Overfull \hbox (64.71286pt too wide) in paragraph at lines 670--671
 []\T1/lmr/m/n/10 donorage_median
 []


Overfull \hbox (56.70384pt too wide) in paragraph at lines 672--673
 []\T1/lmr/m/n/10 waittime_mean
 []


Overfull \hbox (44.61198pt too wide) in paragraph at lines 674--675
 []\T1/lmr/m/n/10 waittime_sd
 []


Overfull \hbox (63.29593pt too wide) in paragraph at lines 676--677
 []\T1/lmr/m/n/10 waittime_median
 []


Overfull \hbox (48.99162pt too wide) in paragraph at lines 678--679
 []\T1/lmr/m/n/10 percent_male
 []


Overfull \hbox (47.08464pt too wide) in paragraph at lines 680--681
 []\T1/lmr/m/n/10 percent_cmv
 []


Overfull \hbox (69.69221pt too wide) in paragraph at lines 682--683
 []\T1/lmr/m/n/10 percent_donormale
 []


Overfull \hbox (67.75941pt too wide) in paragraph at lines 684--685
 []\T1/lmr/m/n/10 percent_donorcmv
 []


Overfull \hbox (46.52914pt too wide) in paragraph at lines 686--687
 []\T1/lmr/m/n/10 percent_mtx
 []


Overfull \hbox (49.5476pt too wide) in paragraph at lines 688--689
 []\T1/lmr/m/n/10 percent_Ohio
 []


Overfull \hbox (70.804pt too wide) in paragraph at lines 690--691
 []\T1/lmr/m/n/10 percent_Melbourne
 []


Overfull \hbox (58.36217pt too wide) in paragraph at lines 692--693
 []\T1/lmr/m/n/10 percent_Sydney
 []


Overfull \hbox (76.08058pt too wide) in paragraph at lines 694--695
 []\T1/lmr/m/n/10 percent_Philadelphia
 []


Overfull \hbox (2.94377pt too wide) in paragraph at lines 702--703
 []\T1/lmr/m/n/10 n
 []


Overfull \hbox (37.446pt too wide) in paragraph at lines 704--705
 []\T1/lmr/m/n/10 age_mean
 []


Overfull \hbox (23.61299pt too wide) in paragraph at lines 706--707
 []\T1/lmr/m/n/10 age_sd
 []


Overfull \hbox (44.03809pt too wide) in paragraph at lines 708--709
 []\T1/lmr/m/n/10 age_median
 []


Overfull \hbox (58.12077pt too wide) in paragraph at lines 710--711
 []\T1/lmr/m/n/10 donorage_mean
 []


Overfull \hbox (46.02892pt too wide) in paragraph at lines 712--713
 []\T1/lmr/m/n/10 donorage_sd
 []


Overfull \hbox (64.71286pt too wide) in paragraph at lines 714--715
 []\T1/lmr/m/n/10 donorage_median
 []


Overfull \hbox (56.70384pt too wide) in paragraph at lines 716--717
 []\T1/lmr/m/n/10 waittime_mean
 []


Overfull \hbox (44.61198pt too wide) in paragraph at lines 718--719
 []\T1/lmr/m/n/10 waittime_sd
 []


Overfull \hbox (63.29593pt too wide) in paragraph at lines 720--721
 []\T1/lmr/m/n/10 waittime_median
 []


Overfull \hbox (48.99162pt too wide) in paragraph at lines 722--723
 []\T1/lmr/m/n/10 percent_male
 []


Overfull \hbox (47.08464pt too wide) in paragraph at lines 724--725
 []\T1/lmr/m/n/10 percent_cmv
 []


Overfull \hbox (69.69221pt too wide) in paragraph at lines 726--727
 []\T1/lmr/m/n/10 percent_donormale
 []


Overfull \hbox (67.75941pt too wide) in paragraph at lines 728--729
 []\T1/lmr/m/n/10 percent_donorcmv
 []


Overfull \hbox (46.52914pt too wide) in paragraph at lines 730--731
 []\T1/lmr/m/n/10 percent_mtx
 []


Overfull \hbox (49.5476pt too wide) in paragraph at lines 732--733
 []\T1/lmr/m/n/10 percent_Ohio
 []


Overfull \hbox (70.804pt too wide) in paragraph at lines 734--735
 []\T1/lmr/m/n/10 percent_Melbourne
 []


Overfull \hbox (58.36217pt too wide) in paragraph at lines 736--737
 []\T1/lmr/m/n/10 percent_Sydney
 []


Overfull \hbox (76.08058pt too wide) in paragraph at lines 738--739
 []\T1/lmr/m/n/10 percent_Philadelphia
 []


Overfull \hbox (23.97864pt too wide) in paragraph at lines 744--744
[]|\T1/lmr/m/n/10 Otherwise|  
 []


Overfull \hbox (7.38828pt too wide) in paragraph at lines 744--744
 []|\T1/lmr/m/n/10 92|
 []


Overfull \hbox (29.94626pt too wide) in paragraph at lines 744--744
 []|\T1/lmr/m/n/10 28.59783|
 []


Overfull \hbox (29.94626pt too wide) in paragraph at lines 744--744
 []|\T1/lmr/m/n/10 9.477631|
 []


Overfull \hbox (25.59337pt too wide) in paragraph at lines 744--744
 []|\T1/lmr/m/n/10 29.00000|
 []


Overfull \hbox (27.33452pt too wide) in paragraph at lines 744--744
 []|\T1/lmr/m/n/10 9.669256|
 []


Overfull \hbox (3.8522pt too wide) in paragraph at lines 744--744
 []|\T1/lmr/m/n/10 28.5|
 []


Overfull \hbox (25.59337pt too wide) in paragraph at lines 745--745
 []|\T1/lmr/m/n/10 308.7174|
 []


Overfull \hbox (27.33452pt too wide) in paragraph at lines 745--745
 []|\T1/lmr/m/n/10 426.9282|
 []


Overfull \hbox (1.07445pt too wide) in paragraph at lines 745--745
 []|\T1/lmr/m/n/10 180|
 []


Overfull \hbox (26.46394pt too wide) in paragraph at lines 745--745
 []|\T1/lmr/m/n/10 60.86957|
 []


Overfull \hbox (27.33452pt too wide) in paragraph at lines 745--745
 []|\T1/lmr/m/n/10 47.82609|
 []


Overfull \hbox (22.13687pt too wide) in paragraph at lines 745--745
 []|\T1/lmr/m/n/10 63.04348|
 []


Overfull \hbox (22.98163pt too wide) in paragraph at lines 745--745
 []|\T1/lmr/m/n/10 47.82609|
 []


Overfull \hbox (27.33452pt too wide) in paragraph at lines 746--746
 []|\T1/lmr/m/n/10 34.78261|
 []


Overfull \hbox (26.46394pt too wide) in paragraph at lines 746--746
 []|\T1/lmr/m/n/10 52.17391|
 []


Overfull \hbox (27.13687pt too wide) in paragraph at lines 746--746
 []|\T1/lmr/m/n/10 15.217391|
 []


Overfull \hbox (24.72278pt too wide) in paragraph at lines 746--746
 []|\T1/lmr/m/n/10 19.56522|
 []


Overfull \hbox (19.52515pt too wide) in paragraph at lines 746--747
 []|\T1/lmr/m/n/10 13.04348|
 []


Overfull \hbox (6.7699pt too wide) in paragraph at lines 747--747
\T1/lmr/m/n/10 Grade 
 []


Overfull \hbox (2.92322pt too wide) in paragraph at lines 747--747
\T1/lmr/m/n/10 AML|  
 []


Overfull \hbox (7.38828pt too wide) in paragraph at lines 747--747
 []|\T1/lmr/m/n/10 45|
 []


Overfull \hbox (29.94626pt too wide) in paragraph at lines 747--747
 []|\T1/lmr/m/n/10 27.88889|
 []


Overfull \hbox (29.94626pt too wide) in paragraph at lines 747--747
 []|\T1/lmr/m/n/10 9.810065|
 []


Overfull \hbox (25.59337pt too wide) in paragraph at lines 747--747
 []|\T1/lmr/m/n/10 26.95556|
 []


Overfull \hbox (32.33452pt too wide) in paragraph at lines 748--748
 []|\T1/lmr/m/n/10 11.133397|
 []


Overfull \hbox (3.8522pt too wide) in paragraph at lines 748--748
 []|\T1/lmr/m/n/10 28.0|
 []


Overfull \hbox (25.59337pt too wide) in paragraph at lines 748--748
 []|\T1/lmr/m/n/10 206.3333|
 []


Overfull \hbox (27.33452pt too wide) in paragraph at lines 748--748
 []|\T1/lmr/m/n/10 163.8541|
 []


Overfull \hbox (1.07445pt too wide) in paragraph at lines 748--748
 []|\T1/lmr/m/n/10 150|
 []


Overfull \hbox (26.46394pt too wide) in paragraph at lines 748--748
 []|\T1/lmr/m/n/10 53.33333|
 []


Overfull \hbox (27.33452pt too wide) in paragraph at lines 748--748
 []|\T1/lmr/m/n/10 53.33333|
 []


Overfull \hbox (22.13687pt too wide) in paragraph at lines 749--749
 []|\T1/lmr/m/n/10 66.66667|
 []


Overfull \hbox (22.98163pt too wide) in paragraph at lines 749--749
 []|\T1/lmr/m/n/10 31.11111|
 []


Overfull \hbox (27.33452pt too wide) in paragraph at lines 749--749
 []|\T1/lmr/m/n/10 17.77778|
 []


Overfull \hbox (26.46394pt too wide) in paragraph at lines 749--749
 []|\T1/lmr/m/n/10 62.22222|
 []


Overfull \hbox (22.13687pt too wide) in paragraph at lines 749--749
 []|\T1/lmr/m/n/10 6.666667|
 []


Overfull \hbox (24.72278pt too wide) in paragraph at lines 749--749
 []|\T1/lmr/m/n/10 11.11111|
 []


Overfull \hbox (19.52515pt too wide) in paragraph at lines 750--751
 []|\T1/lmr/m/n/10 20.00000|
 []



[7]

[8]
Underfull \vbox (badness 10000) detected at line 927
 []


Underfull \vbox (badness 10000) detected at line 927
 []



[9]
LaTeX Font Info:    External font `lmex10' loaded for size
(Font)              <10> on input line 933.
LaTeX Font Info:    External font `lmex10' loaded for size
(Font)              <7> on input line 933.
LaTeX Font Info:    External font `lmex10' loaded for size
(Font)              <5> on input line 933.


[10]

[11]

[12]

LaTeX Font Warning: Font shape `T1/lmtt/bx/it' in size <10> not available
(Font)              Font shape `T1/lmtt/b/sl' tried instead on input line 1175.

<537-Project---Updated_files/figure-latex/unnamed-chunk-4-1.pdf, id=78, 469.755pt x 325.215pt>
File: 537-Project---Updated_files/figure-latex/unnamed-chunk-4-1.pdf Graphic file (type pdf)
<use 537-Project---Updated_files/figure-latex/unnamed-chunk-4-1.pdf>
Package pdftex.def Info: 537-Project---Updated_files/figure-latex/unnamed-chunk-4-1.pdf  used on input line 1201.
(pdftex.def)             Requested size: 469.75386pt x 325.2142pt.


[13]

[14 <./537-Project---Updated_files/figure-latex/unnamed-chunk-4-1.pdf>]
<537-Project---Updated_files/figure-latex/unnamed-chunk-4-2.pdf, id=99, 469.755pt x 325.215pt>
File: 537-Project---Updated_files/figure-latex/unnamed-chunk-4-2.pdf Graphic file (type pdf)
<use 537-Project---Updated_files/figure-latex/unnamed-chunk-4-2.pdf>
Package pdftex.def Info: 537-Project---Updated_files/figure-latex/unnamed-chunk-4-2.pdf  used on input line 1252.
(pdftex.def)             Requested size: 469.75386pt x 325.2142pt.


[15 <./537-Project---Updated_files/figure-latex/unnamed-chunk-4-2.pdf>]

[16]
<537-Project---Updated_files/figure-latex/unnamed-chunk-6-1.pdf, id=118, 469.755pt x 325.215pt>
File: 537-Project---Updated_files/figure-latex/unnamed-chunk-6-1.pdf Graphic file (type pdf)
<use 537-Project---Updated_files/figure-latex/unnamed-chunk-6-1.pdf>
Package pdftex.def Info: 537-Project---Updated_files/figure-latex/unnamed-chunk-6-1.pdf  used on input line 1386.
(pdftex.def)             Requested size: 469.75386pt x 325.2142pt.


[17 <./537-Project---Updated_files/figure-latex/unnamed-chunk-6-1.pdf>]
<537-Project---Updated_files/figure-latex/unnamed-chunk-7-1.pdf, id=132, 469.755pt x 325.215pt>
File: 537-Project---Updated_files/figure-latex/unnamed-chunk-7-1.pdf Graphic file (type pdf)
<use 537-Project---Updated_files/figure-latex/unnamed-chunk-7-1.pdf>
Package pdftex.def Info: 537-Project---Updated_files/figure-latex/unnamed-chunk-7-1.pdf  used on input line 1472.
(pdftex.def)             Requested size: 469.75386pt x 325.2142pt.


[18]
<537-Project---Updated_files/figure-latex/unnamed-chunk-7-2.pdf, id=140, 469.755pt x 325.215pt>
File: 537-Project---Updated_files/figure-latex/unnamed-chunk-7-2.pdf Graphic file (type pdf)
<use 537-Project---Updated_files/figure-latex/unnamed-chunk-7-2.pdf>
Package pdftex.def Info: 537-Project---Updated_files/figure-latex/unnamed-chunk-7-2.pdf  used on input line 1487.
(pdftex.def)             Requested size: 469.75386pt x 325.2142pt.


[19 <./537-Project---Updated_files/figure-latex/unnamed-chunk-7-1.pdf>]

[20 <./537-Project---Updated_files/figure-latex/unnamed-chunk-7-2.pdf>] [21]

[22] (./537-Project---Updated.aux)
 ***********
LaTeX2e <2024-11-01>
L3 programming layer <2024-11-02>
 ***********

LaTeX Warning: There were multiply-defined labels.

 ) 
Here is how much of TeX's memory you used:
 13520 strings out of 475322
 213694 string characters out of 5769396
 673627 words of memory out of 5000000
 36086 multiletter control sequences out of 15000+600000
 602501 words of font info for 79 fonts, out of 8000000 for 9000
 14 hyphenation exceptions out of 8191
 89i,9n,93p,3898b,591s stack positions out of 10000i,1000n,20000p,200000b,200000s
</Users/sarahgarcia/Library/TinyTeX/texmf-dist/fonts/type1/public/lm/lmbx10.pfb></Users/sarahgarcia/Library/TinyTeX/texmf-dist/fonts/type1/public/lm/lmbx12.pfb></Users/sarahgarcia/Library/TinyTeX/texmf-dist/fonts/type1/public/lm/lmr10.pfb></Users/sarahgarcia/Library/TinyTeX/texmf-dist/fonts/type1/public/lm/lmr12.pfb></Users/sarahgarcia/Library/TinyTeX/texmf-dist/fonts/type1/public/lm/lmr17.pfb></Users/sarahgarcia/Library/TinyTeX/texmf-dist/fonts/type1/public/lm/lmtk10.pfb></Users/sarahgarcia/Library/TinyTeX/texmf-dist/fonts/type1/public/lm/lmtko10.pfb></Users/sarahgarcia/Library/TinyTeX/texmf-dist/fonts/type1/public/lm/lmtt10.pfb></Users/sarahgarcia/Library/TinyTeX/texmf-dist/fonts/type1/public/lm/lmtti10.pfb>
Output written on 537-Project---Updated.pdf (22 pages, 334821 bytes).
PDF statistics:
 252 PDF objects out of 1000 (max. 8388607)
 196 compressed objects within 2 object streams
 42 named destinations out of 1000 (max. 500000)
 87 words of extra memory for PDF output out of 10000 (max. 10000000)

